[2025-12-08T05:29:55.200+0000] {taskinstance.py:1157} INFO - Dependencies all met for dep_context=non-requeueable deps ti=<TaskInstance: group_proj_dbt.dbt_run manual__2025-12-08T05:29:53.932680+00:00 [queued]>
[2025-12-08T05:29:55.204+0000] {taskinstance.py:1157} INFO - Dependencies all met for dep_context=requeueable deps ti=<TaskInstance: group_proj_dbt.dbt_run manual__2025-12-08T05:29:53.932680+00:00 [queued]>
[2025-12-08T05:29:55.205+0000] {taskinstance.py:1359} INFO - Starting attempt 1 of 1
[2025-12-08T05:29:55.212+0000] {taskinstance.py:1380} INFO - Executing <Task(BashOperator): dbt_run> on 2025-12-08 05:29:53.932680+00:00
[2025-12-08T05:29:55.220+0000] {standard_task_runner.py:57} INFO - Started process 834 to run task
[2025-12-08T05:29:55.222+0000] {standard_task_runner.py:84} INFO - Running: ['***', 'tasks', 'run', 'group_proj_dbt', 'dbt_run', 'manual__2025-12-08T05:29:53.932680+00:00', '--job-id', '18', '--raw', '--subdir', 'DAGS_FOLDER/group_proj_dbt.py', '--cfg-path', '/tmp/tmp82x03lrh']
[2025-12-08T05:29:55.224+0000] {standard_task_runner.py:85} INFO - Job 18: Subtask dbt_run
[2025-12-08T05:29:55.232+0000] {logging_mixin.py:151} WARNING - /home/***/.local/lib/python3.9/site-packages/***/settings.py:195 DeprecationWarning: The sql_alchemy_conn option in [core] has been moved to the sql_alchemy_conn option in [database] - the old setting has been used, but please update your config.
[2025-12-08T05:29:55.249+0000] {task_command.py:415} INFO - Running <TaskInstance: group_proj_dbt.dbt_run manual__2025-12-08T05:29:53.932680+00:00 [running]> on host 9b5a184fb48c
[2025-12-08T05:29:55.303+0000] {taskinstance.py:1660} INFO - Exporting env vars: AIRFLOW_CTX_DAG_OWNER='calvin' AIRFLOW_CTX_DAG_ID='group_proj_dbt' AIRFLOW_CTX_TASK_ID='dbt_run' AIRFLOW_CTX_EXECUTION_DATE='2025-12-08T05:29:53.932680+00:00' AIRFLOW_CTX_TRY_NUMBER='1' AIRFLOW_CTX_DAG_RUN_ID='manual__2025-12-08T05:29:53.932680+00:00'
[2025-12-08T05:29:55.304+0000] {subprocess.py:63} INFO - Tmp dir root location: /tmp
[2025-12-08T05:29:55.305+0000] {subprocess.py:75} INFO - Running command: ['/bin/bash', '-c', '/home/***/.local/bin/dbt run --profiles-dir /opt/***/dbt --project-dir /opt/***/dbt']
[2025-12-08T05:29:55.309+0000] {subprocess.py:86} INFO - Output:
[2025-12-08T05:29:56.447+0000] {subprocess.py:93} INFO - [0m05:29:56  Running with dbt=1.11.0-b3
[2025-12-08T05:29:56.905+0000] {subprocess.py:93} INFO - [0m05:29:56  Registered adapter: snowflake=1.10.2
[2025-12-08T05:29:56.967+0000] {subprocess.py:93} INFO - [0m05:29:56  Unable to do partial parsing because saved manifest not found. Starting full parse.
[2025-12-08T05:29:57.503+0000] {subprocess.py:93} INFO - [0m05:29:57  Encountered an error:
[2025-12-08T05:29:57.503+0000] {subprocess.py:93} INFO - Compilation Error
[2025-12-08T05:29:57.503+0000] {subprocess.py:93} INFO -   Model 'model.stock_crypto_project.stg_market_prices' (models/stg_market_prices.sql) depends on a source named 'raw_data.market_prices' which was not found
[2025-12-08T05:29:58.185+0000] {subprocess.py:97} INFO - Command exited with return code 2
[2025-12-08T05:29:58.216+0000] {taskinstance.py:1935} ERROR - Task failed with exception
Traceback (most recent call last):
  File "/home/airflow/.local/lib/python3.9/site-packages/airflow/operators/bash.py", line 210, in execute
    raise AirflowException(
airflow.exceptions.AirflowException: Bash command failed. The command returned a non-zero exit code 2.
[2025-12-08T05:29:58.225+0000] {taskinstance.py:1398} INFO - Marking task as FAILED. dag_id=group_proj_dbt, task_id=dbt_run, execution_date=20251208T052953, start_date=20251208T052955, end_date=20251208T052958
[2025-12-08T05:29:58.235+0000] {standard_task_runner.py:104} ERROR - Failed to execute job 18 for task dbt_run (Bash command failed. The command returned a non-zero exit code 2.; 834)
[2025-12-08T05:29:58.256+0000] {local_task_job_runner.py:228} INFO - Task exited with return code 1
[2025-12-08T05:29:58.286+0000] {taskinstance.py:2776} INFO - 0 downstream tasks scheduled from follow-on schedule check
