[2025-12-08T06:11:36.002+0000] {taskinstance.py:1157} INFO - Dependencies all met for dep_context=non-requeueable deps ti=<TaskInstance: group_proj_dbt.dbt_run manual__2025-12-08T06:11:34.463942+00:00 [queued]>
[2025-12-08T06:11:36.008+0000] {taskinstance.py:1157} INFO - Dependencies all met for dep_context=requeueable deps ti=<TaskInstance: group_proj_dbt.dbt_run manual__2025-12-08T06:11:34.463942+00:00 [queued]>
[2025-12-08T06:11:36.008+0000] {taskinstance.py:1359} INFO - Starting attempt 1 of 1
[2025-12-08T06:11:36.014+0000] {taskinstance.py:1380} INFO - Executing <Task(BashOperator): dbt_run> on 2025-12-08 06:11:34.463942+00:00
[2025-12-08T06:11:36.023+0000] {standard_task_runner.py:57} INFO - Started process 2307 to run task
[2025-12-08T06:11:36.025+0000] {standard_task_runner.py:84} INFO - Running: ['***', 'tasks', 'run', 'group_proj_dbt', 'dbt_run', 'manual__2025-12-08T06:11:34.463942+00:00', '--job-id', '42', '--raw', '--subdir', 'DAGS_FOLDER/group_proj_dbt.py', '--cfg-path', '/tmp/tmp2t_9e6pt']
[2025-12-08T06:11:36.028+0000] {standard_task_runner.py:85} INFO - Job 42: Subtask dbt_run
[2025-12-08T06:11:36.039+0000] {logging_mixin.py:151} WARNING - /home/***/.local/lib/python3.9/site-packages/***/settings.py:195 DeprecationWarning: The sql_alchemy_conn option in [core] has been moved to the sql_alchemy_conn option in [database] - the old setting has been used, but please update your config.
[2025-12-08T06:11:36.061+0000] {task_command.py:415} INFO - Running <TaskInstance: group_proj_dbt.dbt_run manual__2025-12-08T06:11:34.463942+00:00 [running]> on host 9b5a184fb48c
[2025-12-08T06:11:36.147+0000] {taskinstance.py:1660} INFO - Exporting env vars: AIRFLOW_CTX_DAG_OWNER='calvin' AIRFLOW_CTX_DAG_ID='group_proj_dbt' AIRFLOW_CTX_TASK_ID='dbt_run' AIRFLOW_CTX_EXECUTION_DATE='2025-12-08T06:11:34.463942+00:00' AIRFLOW_CTX_TRY_NUMBER='1' AIRFLOW_CTX_DAG_RUN_ID='manual__2025-12-08T06:11:34.463942+00:00'
[2025-12-08T06:11:36.148+0000] {subprocess.py:63} INFO - Tmp dir root location: /tmp
[2025-12-08T06:11:36.149+0000] {subprocess.py:75} INFO - Running command: ['/bin/bash', '-c', '/home/***/.local/bin/dbt run --profiles-dir /opt/***/dbt --project-dir /opt/***/dbt']
[2025-12-08T06:11:36.161+0000] {subprocess.py:86} INFO - Output:
[2025-12-08T06:11:37.656+0000] {subprocess.py:93} INFO - [0m06:11:37  Running with dbt=1.11.0-b3
[2025-12-08T06:11:38.233+0000] {subprocess.py:93} INFO - [0m06:11:38  Registered adapter: snowflake=1.10.2
[2025-12-08T06:11:38.577+0000] {subprocess.py:93} INFO - [0m06:11:38  Encountered an error:
[2025-12-08T06:11:38.579+0000] {subprocess.py:93} INFO - Compilation Error
[2025-12-08T06:11:38.579+0000] {subprocess.py:93} INFO -   Model 'model.stock_crypto_project.final_prediction' (models/final_prediction.sql) depends on a source named 'analytics.market_forecast_results' which was not found
[2025-12-08T06:11:39.351+0000] {subprocess.py:97} INFO - Command exited with return code 2
[2025-12-08T06:11:39.397+0000] {taskinstance.py:1935} ERROR - Task failed with exception
Traceback (most recent call last):
  File "/home/airflow/.local/lib/python3.9/site-packages/airflow/operators/bash.py", line 210, in execute
    raise AirflowException(
airflow.exceptions.AirflowException: Bash command failed. The command returned a non-zero exit code 2.
[2025-12-08T06:11:39.402+0000] {taskinstance.py:1398} INFO - Marking task as FAILED. dag_id=group_proj_dbt, task_id=dbt_run, execution_date=20251208T061134, start_date=20251208T061136, end_date=20251208T061139
[2025-12-08T06:11:39.416+0000] {standard_task_runner.py:104} ERROR - Failed to execute job 42 for task dbt_run (Bash command failed. The command returned a non-zero exit code 2.; 2307)
[2025-12-08T06:11:39.432+0000] {local_task_job_runner.py:228} INFO - Task exited with return code 1
[2025-12-08T06:11:39.470+0000] {taskinstance.py:2776} INFO - 0 downstream tasks scheduled from follow-on schedule check
