[2025-12-08T05:27:40.179+0000] {taskinstance.py:1157} INFO - Dependencies all met for dep_context=non-requeueable deps ti=<TaskInstance: group_proj_dbt.dbt_run manual__2025-12-08T05:27:38.759967+00:00 [queued]>
[2025-12-08T05:27:40.182+0000] {taskinstance.py:1157} INFO - Dependencies all met for dep_context=requeueable deps ti=<TaskInstance: group_proj_dbt.dbt_run manual__2025-12-08T05:27:38.759967+00:00 [queued]>
[2025-12-08T05:27:40.182+0000] {taskinstance.py:1359} INFO - Starting attempt 1 of 1
[2025-12-08T05:27:40.186+0000] {taskinstance.py:1380} INFO - Executing <Task(BashOperator): dbt_run> on 2025-12-08 05:27:38.759967+00:00
[2025-12-08T05:27:40.189+0000] {standard_task_runner.py:57} INFO - Started process 764 to run task
[2025-12-08T05:27:40.190+0000] {standard_task_runner.py:84} INFO - Running: ['***', 'tasks', 'run', 'group_proj_dbt', 'dbt_run', 'manual__2025-12-08T05:27:38.759967+00:00', '--job-id', '16', '--raw', '--subdir', 'DAGS_FOLDER/group_proj_dbt.py', '--cfg-path', '/tmp/tmppbxuk74i']
[2025-12-08T05:27:40.192+0000] {standard_task_runner.py:85} INFO - Job 16: Subtask dbt_run
[2025-12-08T05:27:40.199+0000] {logging_mixin.py:151} WARNING - /home/***/.local/lib/python3.9/site-packages/***/settings.py:195 DeprecationWarning: The sql_alchemy_conn option in [core] has been moved to the sql_alchemy_conn option in [database] - the old setting has been used, but please update your config.
[2025-12-08T05:27:40.216+0000] {task_command.py:415} INFO - Running <TaskInstance: group_proj_dbt.dbt_run manual__2025-12-08T05:27:38.759967+00:00 [running]> on host 9b5a184fb48c
[2025-12-08T05:27:40.246+0000] {taskinstance.py:1660} INFO - Exporting env vars: AIRFLOW_CTX_DAG_OWNER='calvin' AIRFLOW_CTX_DAG_ID='group_proj_dbt' AIRFLOW_CTX_TASK_ID='dbt_run' AIRFLOW_CTX_EXECUTION_DATE='2025-12-08T05:27:38.759967+00:00' AIRFLOW_CTX_TRY_NUMBER='1' AIRFLOW_CTX_DAG_RUN_ID='manual__2025-12-08T05:27:38.759967+00:00'
[2025-12-08T05:27:40.247+0000] {subprocess.py:63} INFO - Tmp dir root location: /tmp
[2025-12-08T05:27:40.247+0000] {subprocess.py:75} INFO - Running command: ['/bin/bash', '-c', '/home/***/.local/bin/dbt run --profiles-dir /opt/***/dbt --project-dir /opt/***/dbt']
[2025-12-08T05:27:40.251+0000] {subprocess.py:86} INFO - Output:
[2025-12-08T05:27:41.257+0000] {subprocess.py:93} INFO - [0m05:27:41  Running with dbt=1.11.0-b3
[2025-12-08T05:27:41.259+0000] {subprocess.py:93} INFO - [0m05:27:41  Encountered an error:
[2025-12-08T05:27:41.259+0000] {subprocess.py:93} INFO - Runtime Error
[2025-12-08T05:27:41.259+0000] {subprocess.py:93} INFO -   Could not find profile named 'stock_crypto_profile'
[2025-12-08T05:27:41.733+0000] {subprocess.py:97} INFO - Command exited with return code 2
[2025-12-08T05:27:41.739+0000] {taskinstance.py:1935} ERROR - Task failed with exception
Traceback (most recent call last):
  File "/home/airflow/.local/lib/python3.9/site-packages/airflow/operators/bash.py", line 210, in execute
    raise AirflowException(
airflow.exceptions.AirflowException: Bash command failed. The command returned a non-zero exit code 2.
[2025-12-08T05:27:41.741+0000] {taskinstance.py:1398} INFO - Marking task as FAILED. dag_id=group_proj_dbt, task_id=dbt_run, execution_date=20251208T052738, start_date=20251208T052740, end_date=20251208T052741
[2025-12-08T05:27:41.747+0000] {standard_task_runner.py:104} ERROR - Failed to execute job 16 for task dbt_run (Bash command failed. The command returned a non-zero exit code 2.; 764)
[2025-12-08T05:27:41.770+0000] {local_task_job_runner.py:228} INFO - Task exited with return code 1
[2025-12-08T05:27:41.779+0000] {taskinstance.py:2776} INFO - 0 downstream tasks scheduled from follow-on schedule check
