[2025-12-08T05:31:29.600+0000] {taskinstance.py:1157} INFO - Dependencies all met for dep_context=non-requeueable deps ti=<TaskInstance: group_proj_dbt.dbt_run manual__2025-12-08T05:31:28.623131+00:00 [queued]>
[2025-12-08T05:31:29.606+0000] {taskinstance.py:1157} INFO - Dependencies all met for dep_context=requeueable deps ti=<TaskInstance: group_proj_dbt.dbt_run manual__2025-12-08T05:31:28.623131+00:00 [queued]>
[2025-12-08T05:31:29.606+0000] {taskinstance.py:1359} INFO - Starting attempt 1 of 1
[2025-12-08T05:31:29.611+0000] {taskinstance.py:1380} INFO - Executing <Task(BashOperator): dbt_run> on 2025-12-08 05:31:28.623131+00:00
[2025-12-08T05:31:29.615+0000] {standard_task_runner.py:57} INFO - Started process 885 to run task
[2025-12-08T05:31:29.617+0000] {standard_task_runner.py:84} INFO - Running: ['***', 'tasks', 'run', 'group_proj_dbt', 'dbt_run', 'manual__2025-12-08T05:31:28.623131+00:00', '--job-id', '19', '--raw', '--subdir', 'DAGS_FOLDER/group_proj_dbt.py', '--cfg-path', '/tmp/tmpmre_i6fq']
[2025-12-08T05:31:29.618+0000] {standard_task_runner.py:85} INFO - Job 19: Subtask dbt_run
[2025-12-08T05:31:29.626+0000] {logging_mixin.py:151} WARNING - /home/***/.local/lib/python3.9/site-packages/***/settings.py:195 DeprecationWarning: The sql_alchemy_conn option in [core] has been moved to the sql_alchemy_conn option in [database] - the old setting has been used, but please update your config.
[2025-12-08T05:31:29.647+0000] {task_command.py:415} INFO - Running <TaskInstance: group_proj_dbt.dbt_run manual__2025-12-08T05:31:28.623131+00:00 [running]> on host 9b5a184fb48c
[2025-12-08T05:31:29.692+0000] {taskinstance.py:1660} INFO - Exporting env vars: AIRFLOW_CTX_DAG_OWNER='calvin' AIRFLOW_CTX_DAG_ID='group_proj_dbt' AIRFLOW_CTX_TASK_ID='dbt_run' AIRFLOW_CTX_EXECUTION_DATE='2025-12-08T05:31:28.623131+00:00' AIRFLOW_CTX_TRY_NUMBER='1' AIRFLOW_CTX_DAG_RUN_ID='manual__2025-12-08T05:31:28.623131+00:00'
[2025-12-08T05:31:29.693+0000] {subprocess.py:63} INFO - Tmp dir root location: /tmp
[2025-12-08T05:31:29.694+0000] {subprocess.py:75} INFO - Running command: ['/bin/bash', '-c', '/home/***/.local/bin/dbt run --profiles-dir /opt/***/dbt --project-dir /opt/***/dbt']
[2025-12-08T05:31:29.702+0000] {subprocess.py:86} INFO - Output:
[2025-12-08T05:31:30.838+0000] {subprocess.py:93} INFO - [0m05:31:30  Running with dbt=1.11.0-b3
[2025-12-08T05:31:31.318+0000] {subprocess.py:93} INFO - [0m05:31:31  Registered adapter: snowflake=1.10.2
[2025-12-08T05:31:31.385+0000] {subprocess.py:93} INFO - [0m05:31:31  Unable to do partial parsing because saved manifest not found. Starting full parse.
[2025-12-08T05:31:31.974+0000] {subprocess.py:93} INFO - [0m05:31:31  Encountered an error:
[2025-12-08T05:31:31.974+0000] {subprocess.py:93} INFO - Compilation Error
[2025-12-08T05:31:31.975+0000] {subprocess.py:93} INFO -   Model 'model.stock_crypto_project.stg_market_prices' (models/stg_market_prices.sql) depends on a source named 'raw_data.market_prices' which was not found
[2025-12-08T05:31:32.624+0000] {subprocess.py:97} INFO - Command exited with return code 2
[2025-12-08T05:31:32.645+0000] {taskinstance.py:1935} ERROR - Task failed with exception
Traceback (most recent call last):
  File "/home/airflow/.local/lib/python3.9/site-packages/airflow/operators/bash.py", line 210, in execute
    raise AirflowException(
airflow.exceptions.AirflowException: Bash command failed. The command returned a non-zero exit code 2.
[2025-12-08T05:31:32.649+0000] {taskinstance.py:1398} INFO - Marking task as FAILED. dag_id=group_proj_dbt, task_id=dbt_run, execution_date=20251208T053128, start_date=20251208T053129, end_date=20251208T053132
[2025-12-08T05:31:32.658+0000] {standard_task_runner.py:104} ERROR - Failed to execute job 19 for task dbt_run (Bash command failed. The command returned a non-zero exit code 2.; 885)
[2025-12-08T05:31:32.681+0000] {local_task_job_runner.py:228} INFO - Task exited with return code 1
[2025-12-08T05:31:32.701+0000] {taskinstance.py:2776} INFO - 0 downstream tasks scheduled from follow-on schedule check
